<?xml version="1.0" encoding="UTF-8"?>
<testng-results ignored="0" total="1" passed="1" failed="0" skipped="0">
  <reporter-output>
  </reporter-output>
  <suite started-at="2025-08-18T11:43:57 IST" name="Udyami Yojna" finished-at="2025-08-18T11:44:11 IST" duration-ms="13557">
    <groups>
      <group name="cucumber">
        <method signature="AbstractTestNGCucumberTests.runScenario(io.cucumber.testng.PickleWrapper,io.cucumber.testng.FeatureWrapper)[pri:0, instance:runners.TestRunner@757277dc]" name="runScenario" class="io.cucumber.testng.AbstractTestNGCucumberTests"/>
      </group> <!-- cucumber -->
    </groups>
    <test started-at="2025-08-18T11:43:57 IST" name="Udyami Yojna User Dashboard" finished-at="2025-08-18T11:44:11 IST" duration-ms="13557">
      <class name="runners.TestRunner">
        <test-method is-config="true" signature="setUpClass(org.testng.ITestContext)[pri:0, instance:runners.TestRunner@757277dc]" started-at="2025-08-18T11:43:57 IST" name="setUpClass" finished-at="2025-08-18T11:43:58 IST" duration-ms="749" status="PASS">
          <params>
            <param index="0">
              <value>
                <![CDATA[org.testng.TestRunner@3883b5e9]]>
              </value>
            </param>
          </params>
          <reporter-output>
          </reporter-output>
        </test-method> <!-- setUpClass -->
        <test-method signature="runScenario(io.cucumber.testng.PickleWrapper,io.cucumber.testng.FeatureWrapper)[pri:0, instance:runners.TestRunner@757277dc]" started-at="2025-08-18T11:43:58 IST" name="runScenario" description="Runs Cucumber Scenarios" data-provider="scenarios" finished-at="2025-08-18T11:44:11 IST" duration-ms="12702" status="PASS">
          <params>
            <param index="0">
              <value>
                <![CDATA["User fills and submits the Utilization Certificate page"]]>
              </value>
            </param>
            <param index="1">
              <value>
                <![CDATA["User Utilization Certification Page – Udyami Yojana"]]>
              </value>
            </param>
          </params>
          <reporter-output>
          </reporter-output>
        </test-method> <!-- runScenario -->
        <test-method is-config="true" signature="tearDownClass()[pri:0, instance:runners.TestRunner@757277dc]" started-at="2025-08-18T11:44:11 IST" name="tearDownClass" finished-at="2025-08-18T11:44:11 IST" duration-ms="50" status="PASS">
          <reporter-output>
          </reporter-output>
        </test-method> <!-- tearDownClass -->
      </class> <!-- runners.TestRunner -->
    </test> <!-- Udyami Yojna User Dashboard -->
  </suite> <!-- Udyami Yojna -->
</testng-results>
