<?xml version="1.0" encoding="UTF-8"?>
<testng-results ignored="0" total="1" passed="1" failed="0" skipped="0">
  <reporter-output>
  </reporter-output>
  <suite started-at="2025-08-08T18:16:00 IST" name="Udyami Yojna" finished-at="2025-08-08T18:16:12 IST" duration-ms="12199">
    <groups>
      <group name="cucumber">
        <method signature="AbstractTestNGCucumberTests.runScenario(io.cucumber.testng.PickleWrapper,io.cucumber.testng.FeatureWrapper)[pri:0, instance:runners.TestRunner@49e5f737]" name="runScenario" class="io.cucumber.testng.AbstractTestNGCucumberTests"/>
      </group> <!-- cucumber -->
    </groups>
    <test started-at="2025-08-08T18:16:00 IST" name="Udyami Yojna User Dashboard" finished-at="2025-08-08T18:16:12 IST" duration-ms="12199">
      <class name="runners.TestRunner">
        <test-method is-config="true" signature="setUpClass(org.testng.ITestContext)[pri:0, instance:runners.TestRunner@49e5f737]" started-at="2025-08-08T18:16:00 IST" name="setUpClass" finished-at="2025-08-08T18:16:01 IST" duration-ms="558" status="PASS">
          <params>
            <param index="0">
              <value>
                <![CDATA[org.testng.TestRunner@2f60e66a]]>
              </value>
            </param>
          </params>
          <reporter-output>
          </reporter-output>
        </test-method> <!-- setUpClass -->
        <test-method signature="runScenario(io.cucumber.testng.PickleWrapper,io.cucumber.testng.FeatureWrapper)[pri:0, instance:runners.TestRunner@49e5f737]" started-at="2025-08-08T18:16:01 IST" name="runScenario" description="Runs Cucumber Scenarios" data-provider="scenarios" finished-at="2025-08-08T18:16:12 IST" duration-ms="11537" status="PASS">
          <params>
            <param index="0">
              <value>
                <![CDATA["User fills and submits the Utilization Certificate page"]]>
              </value>
            </param>
            <param index="1">
              <value>
                <![CDATA["User Utilization Certification Page – Udyami Yojana"]]>
              </value>
            </param>
          </params>
          <reporter-output>
          </reporter-output>
        </test-method> <!-- runScenario -->
        <test-method is-config="true" signature="tearDownClass()[pri:0, instance:runners.TestRunner@49e5f737]" started-at="2025-08-08T18:16:12 IST" name="tearDownClass" finished-at="2025-08-08T18:16:12 IST" duration-ms="55" status="PASS">
          <reporter-output>
          </reporter-output>
        </test-method> <!-- tearDownClass -->
      </class> <!-- runners.TestRunner -->
    </test> <!-- Udyami Yojna User Dashboard -->
  </suite> <!-- Udyami Yojna -->
</testng-results>
